# JRE version: Java(TM) SE Runtime Environment (8.0_20-b26) (build 1.8.0_20-b26)
# Java VM: Java HotSpot(TM) 64-Bit Server VM (25.20-b23 mixed mode bsd-amd64 compressed oops)
Heap:
 PSYoungGen      total 931840K, used 465920K [0x000000076ab00000, 0x00000007c0000000, 0x00000007c0000000)
  eden space 465920K, 100% used [0x000000076ab00000,0x0000000787200000,0x0000000787200000)
  from space 465920K, 0% used [0x0000000787200000,0x0000000787200000,0x00000007a3900000)
  to   space 465920K, 0% used [0x00000007a3900000,0x00000007a3900000,0x00000007c0000000)
 ParOldGen       total 2796544K, used 2796409K [0x00000006c0000000, 0x000000076ab00000, 0x000000076ab00000)
  object space 2796544K, 99% used [0x00000006c0000000,0x000000076aade560,0x000000076ab00000)
 Metaspace       used 7807K, capacity 7978K, committed 8192K, reserved 1056768K
  class space    used 863K, capacity 927K, committed 1024K, reserved 1048576K
GC Heap History (10 events):
Event: 1049.417 GC heap before
{Heap before GC invocations=327 (full 104):
 PSYoungGen      total 931840K, used 465920K [0x000000076ab00000, 0x00000007c0000000, 0x00000007c0000000)
  eden space 465920K, 100% used [0x000000076ab00000,0x0000000787200000,0x0000000787200000)
  from space 465920K, 0% used [0x0000000787200000,0x0000000787200000,0x00000007a3900000)
  to   space 465920K, 0% used [0x00000007a3900000,0x00000007a3900000,0x00000007c0000000)
 ParOldGen       total 2796544K, used 2796409K [0x00000006c0000000, 0x000000076ab00000, 0x000000076ab00000)
  object space 2796544K, 99% used [0x00000006c0000000,0x000000076aade560,0x000000076ab00000)
 Metaspace       used 7805K, capacity 7978K, committed 8192K, reserved 1056768K
  class space    used 862K, capacity 927K, committed 1024K, reserved 1048576K
Event: 1054.052 GC heap after
Heap after GC invocations=327 (full 104):
 PSYoungGen      total 931840K, used 465916K [0x000000076ab00000, 0x00000007c0000000, 0x00000007c0000000)
  eden space 465920K, 99% used [0x000000076ab00000,0x00000007871ff030,0x0000000787200000)
  from space 465920K, 0% used [0x0000000787200000,0x0000000787200000,0x00000007a3900000)
  to   space 465920K, 0% used [0x00000007a3900000,0x00000007a3900000,0x00000007c0000000)
 ParOldGen       total 2796544K, used 2796409K [0x00000006c0000000, 0x000000076ab00000, 0x000000076ab00000)
  object space 2796544K, 99% used [0x00000006c0000000,0x000000076aade560,0x000000076ab00000)
 Metaspace       used 7805K, capacity 7978K, committed 8192K, reserved 1056768K
  class space    used 862K, capacity 927K, committed 1024K, reserved 1048576K
}
Event: 1054.052 GC heap before
{Heap before GC invocations=328 (full 105):
 PSYoungGen      total 931840K, used 465920K [0x000000076ab00000, 0x00000007c0000000, 0x00000007c0000000)
  eden space 465920K, 100% used [0x000000076ab00000,0x0000000787200000,0x0000000787200000)
  from space 465920K, 0% used [0x0000000787200000,0x0000000787200000,0x00000007a3900000)
  to   space 465920K, 0% used [0x00000007a3900000,0x00000007a3900000,0x00000007c0000000)
 ParOldGen       total 2796544K, used 2796409K [0x00000006c0000000, 0x000000076ab00000, 0x000000076ab00000)
  object space 2796544K, 99% used [0x00000006c0000000,0x000000076aade560,0x000000076ab00000)
 Metaspace       used 7805K, capacity 7978K, committed 8192K, reserved 1056768K
  class space    used 862K, capacity 927K, committed 1024K, reserved 1048576K
Event: 1058.118 GC heap after
Heap after GC invocations=328 (full 105):
 PSYoungGen      total 931840K, used 465916K [0x000000076ab00000, 0x00000007c0000000, 0x00000007c0000000)
  eden space 465920K, 99% used [0x000000076ab00000,0x00000007871ff260,0x0000000787200000)
  from space 465920K, 0% used [0x0000000787200000,0x0000000787200000,0x00000007a3900000)
  to   space 465920K, 0% used [0x00000007a3900000,0x00000007a3900000,0x00000007c0000000)
 ParOldGen       total 2796544K, used 2796409K [0x00000006c0000000, 0x000000076ab00000, 0x000000076ab00000)
  object space 2796544K, 99% used [0x00000006c0000000,0x000000076aade560,0x000000076ab00000)
 Metaspace       used 7805K, capacity 7978K, committed 8192K, reserved 1056768K
  class space    used 862K, capacity 927K, committed 1024K, reserved 1048576K
}
Event: 1058.118 GC heap before
{Heap before GC invocations=329 (full 106):
 PSYoungGen      total 931840K, used 465920K [0x000000076ab00000, 0x00000007c0000000, 0x00000007c0000000)
  eden space 465920K, 100% used [0x000000076ab00000,0x0000000787200000,0x0000000787200000)
  from space 465920K, 0% used [0x0000000787200000,0x0000000787200000,0x00000007a3900000)
  to   space 465920K, 0% used [0x00000007a3900000,0x00000007a3900000,0x00000007c0000000)
 ParOldGen       total 2796544K, used 2796409K [0x00000006c0000000, 0x000000076ab00000, 0x000000076ab00000)
  object space 2796544K, 99% used [0x00000006c0000000,0x000000076aade560,0x000000076ab00000)
 Metaspace       used 7805K, capacity 7978K, committed 8192K, reserved 1056768K
  class space    used 862K, capacity 927K, committed 1024K, reserved 1048576K
Event: 1062.146 GC heap after
Heap after GC invocations=329 (full 106):
 PSYoungGen      total 931840K, used 465917K [0x000000076ab00000, 0x00000007c0000000, 0x00000007c0000000)
  eden space 465920K, 99% used [0x000000076ab00000,0x00000007871ff460,0x0000000787200000)
  from space 465920K, 0% used [0x0000000787200000,0x0000000787200000,0x00000007a3900000)
  to   space 465920K, 0% used [0x00000007a3900000,0x00000007a3900000,0x00000007c0000000)
 ParOldGen       total 2796544K, used 2796409K [0x00000006c0000000, 0x000000076ab00000, 0x000000076ab00000)
  object space 2796544K, 99% used [0x00000006c0000000,0x000000076aade560,0x000000076ab00000)
 Metaspace       used 7805K, capacity 7978K, committed 8192K, reserved 1056768K
  class space    used 862K, capacity 927K, committed 1024K, reserved 1048576K
}
Event: 1062.146 GC heap before
{Heap before GC invocations=330 (full 107):
 PSYoungGen      total 931840K, used 465920K [0x000000076ab00000, 0x00000007c0000000, 0x00000007c0000000)
  eden space 465920K, 100% used [0x000000076ab00000,0x0000000787200000,0x0000000787200000)
  from space 465920K, 0% used [0x0000000787200000,0x0000000787200000,0x00000007a3900000)
  to   space 465920K, 0% used [0x00000007a3900000,0x00000007a3900000,0x00000007c0000000)
 ParOldGen       total 2796544K, used 2796409K [0x00000006c0000000, 0x000000076ab00000, 0x000000076ab00000)
  object space 2796544K, 99% used [0x00000006c0000000,0x000000076aade560,0x000000076ab00000)
 Metaspace       used 7807K, capacity 7978K, committed 8192K, reserved 1056768K
  class space    used 863K, capacity 927K, committed 1024K, reserved 1048576K
Event: 1065.930 GC heap after
Heap after GC invocations=330 (full 107):
 PSYoungGen      total 931840K, used 465917K [0x000000076ab00000, 0x00000007c0000000, 0x00000007c0000000)
  eden space 465920K, 99% used [0x000000076ab00000,0x00000007871ff768,0x0000000787200000)
  from space 465920K, 0% used [0x0000000787200000,0x0000000787200000,0x00000007a3900000)
  to   space 465920K, 0% used [0x00000007a3900000,0x00000007a3900000,0x00000007c0000000)
 ParOldGen       total 2796544K, used 2796409K [0x00000006c0000000, 0x000000076ab00000, 0x000000076ab00000)
  object space 2796544K, 99% used [0x00000006c0000000,0x000000076aade560,0x000000076ab00000)
 Metaspace       used 7807K, capacity 7978K, committed 8192K, reserved 1056768K
  class space    used 863K, capacity 927K, committed 1024K, reserved 1048576K
}
Event: 1065.930 GC heap before
{Heap before GC invocations=331 (full 108):
 PSYoungGen      total 931840K, used 465920K [0x000000076ab00000, 0x00000007c0000000, 0x00000007c0000000)
  eden space 465920K, 100% used [0x000000076ab00000,0x0000000787200000,0x0000000787200000)
  from space 465920K, 0% used [0x0000000787200000,0x0000000787200000,0x00000007a3900000)
  to   space 465920K, 0% used [0x00000007a3900000,0x00000007a3900000,0x00000007c0000000)
 ParOldGen       total 2796544K, used 2796409K [0x00000006c0000000, 0x000000076ab00000, 0x000000076ab00000)
  object space 2796544K, 99% used [0x00000006c0000000,0x000000076aade560,0x000000076ab00000)
 Metaspace       used 7807K, capacity 7978K, committed 8192K, reserved 1056768K
  class space    used 863K, capacity 927K, committed 1024K, reserved 1048576K
Event: 1070.037 GC heap after
Heap after GC invocations=331 (full 108):
 PSYoungGen      total 931840K, used 465917K [0x000000076ab00000, 0x00000007c0000000, 0x00000007c0000000)
  eden space 465920K, 99% used [0x000000076ab00000,0x00000007871ff4a8,0x0000000787200000)
  from space 465920K, 0% used [0x0000000787200000,0x0000000787200000,0x00000007a3900000)
  to   space 465920K, 0% used [0x00000007a3900000,0x00000007a3900000,0x00000007c0000000)
 ParOldGen       total 2796544K, used 2796409K [0x00000006c0000000, 0x000000076ab00000, 0x000000076ab00000)
  object space 2796544K, 99% used [0x00000006c0000000,0x000000076aade560,0x000000076ab00000)
 Metaspace       used 7807K, capacity 7978K, committed 8192K, reserved 1056768K
  class space    used 863K, capacity 927K, committed 1024K, reserved 1048576K
}

